{"meta": {"format": 3, "version": "7.11.0", "timestamp": "2025-12-30T05:16:09.934884", "branch_coverage": false, "show_contexts": false}, "files": {"app/__init__.py": {"executed_lines": [1, 4, 5, 6, 9, 11, 12, 15, 16, 19, 22, 24, 25, 26, 27, 28, 29, 30, 33, 34, 37, 38, 45], "summary": {"covered_lines": 22, "num_statements": 23, "percent_covered": 95.65217391304348, "percent_covered_display": "96", "missing_lines": 1, "excluded_lines": 0}, "missing_lines": [39], "excluded_lines": [], "functions": {"create_app": {"executed_lines": [11, 12, 15, 16, 19, 22, 24, 25, 26, 27, 28, 29, 30, 33, 34, 37, 38, 45], "summary": {"covered_lines": 18, "num_statements": 18, "percent_covered": 100.0, "percent_covered_display": "100", "missing_lines": 0, "excluded_lines": 0}, "missing_lines": [], "excluded_lines": []}, "create_app.index": {"executed_lines": [], "summary": {"covered_lines": 0, "num_statements": 1, "percent_covered": 0.0, "percent_covered_display": "0", "missing_lines": 1, "excluded_lines": 0}, "missing_lines": [39], "excluded_lines": []}, "": {"executed_lines": [1, 4, 5, 6, 9], "summary": {"covered_lines": 4, "num_statements": 4, "percent_covered": 100.0, "percent_covered_display": "100", "missing_lines": 0, "excluded_lines": 0}, "missing_lines": [], "excluded_lines": []}}, "classes": {"": {"executed_lines": [1, 4, 5, 6, 9, 11, 12, 15, 16, 19, 22, 24, 25, 26, 27, 28, 29, 30, 33, 34, 37, 38, 45], "summary": {"covered_lines": 22, "num_statements": 23, "percent_covered": 95.65217391304348, "percent_covered_display": "96", "missing_lines": 1, "excluded_lines": 0}, "missing_lines": [39], "excluded_lines": []}}}, "app/api/__init__.py": {"executed_lines": [1], "summary": {"covered_lines": 0, "num_statements": 0, "percent_covered": 100.0, "percent_covered_display": "100", "missing_lines": 0, "excluded_lines": 0}, "missing_lines": [], "excluded_lines": [], "functions": {"": {"executed_lines": [1], "summary": {"covered_lines": 0, "num_statements": 0, "percent_covered": 100.0, "percent_covered_display": "100", "missing_lines": 0, "excluded_lines": 0}, "missing_lines": [], "excluded_lines": []}}, "classes": {"": {"executed_lines": [1], "summary": {"covered_lines": 0, "num_statements": 0, "percent_covered": 100.0, "percent_covered_display": "100", "missing_lines": 0, "excluded_lines": 0}, "missing_lines": [], "excluded_lines": []}}}, "app/api/admin.py": {"executed_lines": [1, 4, 5, 6, 8, 11, 12, 13, 14, 19, 20, 21, 22, 23, 25, 32, 37, 38, 39, 40], "summary": {"covered_lines": 19, "num_statements": 26, "percent_covered": 73.07692307692308, "percent_covered_display": "73", "missing_lines": 7, "excluded_lines": 0}, "missing_lines": [33, 34, 66, 67, 68, 69, 70], "excluded_lines": [], "functions": {"get_audit_log": {"executed_lines": [19, 20, 21, 22, 23, 25, 32], "summary": {"covered_lines": 7, "num_statements": 9, "percent_covered": 77.77777777777777, "percent_covered_display": "78", "missing_lines": 2, "excluded_lines": 0}, "missing_lines": [33, 34], "excluded_lines": []}, "check_and_repair_embeddings": {"executed_lines": [], "summary": {"covered_lines": 0, "num_statements": 5, "percent_covered": 0.0, "percent_covered_display": "0", "missing_lines": 5, "excluded_lines": 0}, "missing_lines": [66, 67, 68, 69, 70], "excluded_lines": []}, "": {"executed_lines": [1, 4, 5, 6, 8, 11, 12, 13, 14, 37, 38, 39, 40], "summary": {"covered_lines": 12, "num_statements": 12, "percent_covered": 100.0, "percent_covered_display": "100", "missing_lines": 0, "excluded_lines": 0}, "missing_lines": [], "excluded_lines": []}}, "classes": {"": {"executed_lines": [1, 4, 5, 6, 8, 11, 12, 13, 14, 19, 20, 21, 22, 23, 25, 32, 37, 38, 39, 40], "summary": {"covered_lines": 19, "num_statements": 26, "percent_covered": 73.07692307692308, "percent_covered_display": "73", "missing_lines": 7, "excluded_lines": 0}, "missing_lines": [33, 34, 66, 67, 68, 69, 70], "excluded_lines": []}}}, "app/api/auth.py": {"executed_lines": [1, 6, 8], "summary": {"covered_lines": 2, "num_statements": 2, "percent_covered": 100.0, "percent_covered_display": "100", "missing_lines": 0, "excluded_lines": 0}, "missing_lines": [], "excluded_lines": [], "functions": {"": {"executed_lines": [1, 6, 8], "summary": {"covered_lines": 2, "num_statements": 2, "percent_covered": 100.0, "percent_covered_display": "100", "missing_lines": 0, "excluded_lines": 0}, "missing_lines": [], "excluded_lines": []}}, "classes": {"": {"executed_lines": [1, 6, 8], "summary": {"covered_lines": 2, "num_statements": 2, "percent_covered": 100.0, "percent_covered_display": "100", "missing_lines": 0, "excluded_lines": 0}, "missing_lines": [], "excluded_lines": []}}}, "app/api/catalog.py": {"executed_lines": [1, 4, 5, 6, 8, 11, 12, 13, 19, 20, 21, 23, 24, 30, 35, 36, 37, 42, 43, 44, 46, 51, 56, 57, 58, 75, 76, 77, 78, 117, 118, 119, 154, 155, 156, 158, 160, 162, 189, 190, 191, 192, 193, 194, 195, 196, 197, 200, 215, 222, 225], "summary": {"covered_lines": 50, "num_statements": 85, "percent_covered": 58.8235294117647, "percent_covered_display": "59", "missing_lines": 35, "excluded_lines": 0}, "missing_lines": [31, 32, 52, 53, 63, 64, 67, 68, 70, 71, 72, 94, 95, 96, 98, 99, 112, 113, 114, 164, 166, 173, 174, 175, 176, 177, 178, 179, 180, 181, 184, 185, 223, 227, 228], "excluded_lines": [], "functions": {"search_items": {"executed_lines": [19, 20, 21, 23, 24, 30], "summary": {"covered_lines": 6, "num_statements": 8, "percent_covered": 75.0, "percent_covered_display": "75", "missing_lines": 2, "excluded_lines": 0}, "missing_lines": [31, 32], "excluded_lines": []}, "list_items": {"executed_lines": [42, 43, 44, 46, 51], "summary": {"covered_lines": 5, "num_statements": 7, "percent_covered": 71.42857142857143, "percent_covered_display": "71", "missing_lines": 2, "excluded_lines": 0}, "missing_lines": [52, 53], "excluded_lines": []}, "get_item": {"executed_lines": [], "summary": {"covered_lines": 0, "num_statements": 7, "percent_covered": 0.0, "percent_covered_display": "0", "missing_lines": 7, "excluded_lines": 0}, "missing_lines": [63, 64, 67, 68, 70, 71, 72], "excluded_lines": []}, "create_item": {"executed_lines": [], "summary": {"covered_lines": 0, "num_statements": 8, "percent_covered": 0.0, "percent_covered_display": "0", "missing_lines": 8, "excluded_lines": 0}, "missing_lines": [94, 95, 96, 98, 99, 112, 113, 114], "excluded_lines": []}, "request_new_item": {"executed_lines": [154, 155, 156, 158, 160, 162, 189, 190, 191, 192, 193, 194, 195, 196, 197, 200, 215, 222, 225], "summary": {"covered_lines": 19, "num_statements": 35, "percent_covered": 54.285714285714285, "percent_covered_display": "54", "missing_lines": 16, "excluded_lines": 0}, "missing_lines": [164, 166, 173, 174, 175, 176, 177, 178, 179, 180, 181, 184, 185, 223, 227, 228], "excluded_lines": []}, "": {"executed_lines": [1, 4, 5, 6, 8, 11, 12, 13, 35, 36, 37, 56, 57, 58, 75, 76, 77, 78, 117, 118, 119], "summary": {"covered_lines": 20, "num_statements": 20, "percent_covered": 100.0, "percent_covered_display": "100", "missing_lines": 0, "excluded_lines": 0}, "missing_lines": [], "excluded_lines": []}}, "classes": {"": {"executed_lines": [1, 4, 5, 6, 8, 11, 12, 13, 19, 20, 21, 23, 24, 30, 35, 36, 37, 42, 43, 44, 46, 51, 56, 57, 58, 75, 76, 77, 78, 117, 118, 119, 154, 155, 156, 158, 160, 162, 189, 190, 191, 192, 193, 194, 195, 196, 197, 200, 215, 222, 225], "summary": {"covered_lines": 50, "num_statements": 85, "percent_covered": 58.8235294117647, "percent_covered_display": "59", "missing_lines": 35, "excluded_lines": 0}, "missing_lines": [31, 32, 52, 53, 63, 64, 67, 68, 70, 71, 72, 94, 95, 96, 98, 99, 112, 113, 114, 164, 166, 173, 174, 175, 176, 177, 178, 179, 180, 181, 184, 185, 223, 227, 228], "excluded_lines": []}}}, "app/api/health.py": {"executed_lines": [1, 4, 5, 7, 10, 13, 14, 19, 25, 26, 32], "summary": {"covered_lines": 10, "num_statements": 10, "percent_covered": 100.0, "percent_covered_display": "100", "missing_lines": 0, "excluded_lines": 0}, "missing_lines": [], "excluded_lines": [], "functions": {"health_check": {"executed_lines": [19], "summary": {"covered_lines": 1, "num_statements": 1, "percent_covered": 100.0, "percent_covered_display": "100", "missing_lines": 0, "excluded_lines": 0}, "missing_lines": [], "excluded_lines": []}, "readiness_check": {"executed_lines": [32], "summary": {"covered_lines": 1, "num_statements": 1, "percent_covered": 100.0, "percent_covered_display": "100", "missing_lines": 0, "excluded_lines": 0}, "missing_lines": [], "excluded_lines": []}, "": {"executed_lines": [1, 4, 5, 7, 10, 13, 14, 25, 26], "summary": {"covered_lines": 8, "num_statements": 8, "percent_covered": 100.0, "percent_covered_display": "100", "missing_lines": 0, "excluded_lines": 0}, "missing_lines": [], "excluded_lines": []}}, "classes": {"": {"executed_lines": [1, 4, 5, 7, 10, 13, 14, 19, 25, 26, 32], "summary": {"covered_lines": 10, "num_statements": 10, "percent_covered": 100.0, "percent_covered_display": "100", "missing_lines": 0, "excluded_lines": 0}, "missing_lines": [], "excluded_lines": []}}}, "app/api/products.py": {"executed_lines": [1, 5, 6, 7, 9, 12, 13, 14, 72, 73, 74], "summary": {"covered_lines": 10, "num_statements": 32, "percent_covered": 31.25, "percent_covered_display": "31", "missing_lines": 22, "excluded_lines": 0}, "missing_lines": [52, 54, 55, 57, 58, 64, 66, 67, 68, 69, 99, 101, 102, 104, 105, 107, 108, 110, 111, 112, 114, 115], "excluded_lines": [], "functions": {"enrich_product_endpoint": {"executed_lines": [], "summary": {"covered_lines": 0, "num_statements": 10, "percent_covered": 0.0, "percent_covered_display": "0", "missing_lines": 10, "excluded_lines": 0}, "missing_lines": [52, 54, 55, 57, 58, 64, 66, 67, 68, 69], "excluded_lines": []}, "enrich_product_batch_endpoint": {"executed_lines": [], "summary": {"covered_lines": 0, "num_statements": 12, "percent_covered": 0.0, "percent_covered_display": "0", "missing_lines": 12, "excluded_lines": 0}, "missing_lines": [99, 101, 102, 104, 105, 107, 108, 110, 111, 112, 114, 115], "excluded_lines": []}, "": {"executed_lines": [1, 5, 6, 7, 9, 12, 13, 14, 72, 73, 74], "summary": {"covered_lines": 10, "num_statements": 10, "percent_covered": 100.0, "percent_covered_display": "100", "missing_lines": 0, "excluded_lines": 0}, "missing_lines": [], "excluded_lines": []}}, "classes": {"": {"executed_lines": [1, 5, 6, 7, 9, 12, 13, 14, 72, 73, 74], "summary": {"covered_lines": 10, "num_statements": 32, "percent_covered": 31.25, "percent_covered_display": "31", "missing_lines": 22, "excluded_lines": 0}, "missing_lines": [52, 54, 55, 57, 58, 64, 66, 67, 68, 69, 99, 101, 102, 104, 105, 107, 108, 110, 111, 112, 114, 115], "excluded_lines": []}}}, "app/api/proposals.py": {"executed_lines": [1, 4, 5, 6, 8, 11, 12, 13, 14, 33, 34, 35, 37, 38, 54, 59, 60, 61, 66, 67, 68, 70, 75, 80, 81, 82, 87, 88, 91, 94, 99, 100, 101, 102, 110, 112, 113, 118, 123, 124, 125, 126, 134, 136, 137, 142], "summary": {"covered_lines": 45, "num_statements": 56, "percent_covered": 80.35714285714286, "percent_covered_display": "80", "missing_lines": 11, "excluded_lines": 0}, "missing_lines": [55, 56, 76, 77, 92, 95, 96, 119, 120, 143, 144], "excluded_lines": [], "functions": {"create_proposal": {"executed_lines": [33, 34, 35, 37, 38, 54], "summary": {"covered_lines": 6, "num_statements": 8, "percent_covered": 75.0, "percent_covered_display": "75", "missing_lines": 2, "excluded_lines": 0}, "missing_lines": [55, 56], "excluded_lines": []}, "list_proposals": {"executed_lines": [66, 67, 68, 70, 75], "summary": {"covered_lines": 5, "num_statements": 7, "percent_covered": 71.42857142857143, "percent_covered_display": "71", "missing_lines": 2, "excluded_lines": 0}, "missing_lines": [76, 77], "excluded_lines": []}, "get_proposal": {"executed_lines": [87, 88, 91, 94], "summary": {"covered_lines": 4, "num_statements": 7, "percent_covered": 57.142857142857146, "percent_covered_display": "57", "missing_lines": 3, "excluded_lines": 0}, "missing_lines": [92, 95, 96], "excluded_lines": []}, "approve_proposal": {"executed_lines": [110, 112, 113, 118], "summary": {"covered_lines": 4, "num_statements": 6, "percent_covered": 66.66666666666667, "percent_covered_display": "67", "missing_lines": 2, "excluded_lines": 0}, "missing_lines": [119, 120], "excluded_lines": []}, "reject_proposal": {"executed_lines": [134, 136, 137, 142], "summary": {"covered_lines": 4, "num_statements": 6, "percent_covered": 66.66666666666667, "percent_covered_display": "67", "missing_lines": 2, "excluded_lines": 0}, "missing_lines": [143, 144], "excluded_lines": []}, "": {"executed_lines": [1, 4, 5, 6, 8, 11, 12, 13, 14, 59, 60, 61, 80, 81, 82, 99, 100, 101, 102, 123, 124, 125, 126], "summary": {"covered_lines": 22, "num_statements": 22, "percent_covered": 100.0, "percent_covered_display": "100", "missing_lines": 0, "excluded_lines": 0}, "missing_lines": [], "excluded_lines": []}}, "classes": {"": {"executed_lines": [1, 4, 5, 6, 8, 11, 12, 13, 14, 33, 34, 35, 37, 38, 54, 59, 60, 61, 66, 67, 68, 70, 75, 80, 81, 82, 87, 88, 91, 94, 99, 100, 101, 102, 110, 112, 113, 118, 123, 124, 125, 126, 134, 136, 137, 142], "summary": {"covered_lines": 45, "num_statements": 56, "percent_covered": 80.35714285714286, "percent_covered_display": "80", "missing_lines": 11, "excluded_lines": 0}, "missing_lines": [55, 56, 76, 77, 92, 95, 96, 119, 120, 143, 144], "excluded_lines": []}}}, "app/api/requests.py": {"executed_lines": [1, 4, 5, 6, 8, 11, 12, 13, 23, 24, 27, 28, 35, 40, 41, 42, 47, 48, 49, 50, 52, 58, 63, 64, 65, 70, 71, 74, 77, 82, 83, 84, 85, 124, 125, 128, 131, 132, 139], "summary": {"covered_lines": 38, "num_statements": 50, "percent_covered": 76.0, "percent_covered_display": "76", "missing_lines": 12, "excluded_lines": 0}, "missing_lines": [25, 36, 37, 59, 60, 75, 78, 79, 126, 129, 140, 141], "excluded_lines": [], "functions": {"create_request": {"executed_lines": [23, 24, 27, 28, 35], "summary": {"covered_lines": 5, "num_statements": 8, "percent_covered": 62.5, "percent_covered_display": "62", "missing_lines": 3, "excluded_lines": 0}, "missing_lines": [25, 36, 37], "excluded_lines": []}, "list_requests": {"executed_lines": [47, 48, 49, 50, 52, 58], "summary": {"covered_lines": 6, "num_statements": 8, "percent_covered": 75.0, "percent_covered_display": "75", "missing_lines": 2, "excluded_lines": 0}, "missing_lines": [59, 60], "excluded_lines": []}, "get_request": {"executed_lines": [70, 71, 74, 77], "summary": {"covered_lines": 4, "num_statements": 7, "percent_covered": 57.142857142857146, "percent_covered_display": "57", "missing_lines": 3, "excluded_lines": 0}, "missing_lines": [75, 78, 79], "excluded_lines": []}, "review_request": {"executed_lines": [124, 125, 128, 131, 132, 139], "summary": {"covered_lines": 6, "num_statements": 10, "percent_covered": 60.0, "percent_covered_display": "60", "missing_lines": 4, "excluded_lines": 0}, "missing_lines": [126, 129, 140, 141], "excluded_lines": []}, "": {"executed_lines": [1, 4, 5, 6, 8, 11, 12, 13, 40, 41, 42, 63, 64, 65, 82, 83, 84, 85], "summary": {"covered_lines": 17, "num_statements": 17, "percent_covered": 100.0, "percent_covered_display": "100", "missing_lines": 0, "excluded_lines": 0}, "missing_lines": [], "excluded_lines": []}}, "classes": {"": {"executed_lines": [1, 4, 5, 6, 8, 11, 12, 13, 23, 24, 27, 28, 35, 40, 41, 42, 47, 48, 49, 50, 52, 58, 63, 64, 65, 70, 71, 74, 77, 82, 83, 84, 85, 124, 125, 128, 131, 132, 139], "summary": {"covered_lines": 38, "num_statements": 50, "percent_covered": 76.0, "percent_covered_display": "76", "missing_lines": 12, "excluded_lines": 0}, "missing_lines": [25, 36, 37, 59, 60, 75, 78, 79, 126, 129, 140, 141], "excluded_lines": []}}}, "app/config.py": {"executed_lines": [1, 4, 5, 6, 7, 8, 11, 12, 15, 16, 17, 20, 21, 22, 25, 26, 29, 30, 33, 34, 35, 37, 38, 39, 40, 42, 44, 45, 77, 78, 80, 81, 82], "summary": {"covered_lines": 31, "num_statements": 49, "percent_covered": 63.265306122448976, "percent_covered_display": "63", "missing_lines": 18, "excluded_lines": 0}, "missing_lines": [47, 48, 49, 51, 52, 57, 58, 61, 62, 63, 66, 67, 69, 70, 71, 72, 73, 74], "excluded_lines": [], "functions": {"Settings.load_aws_secrets": {"executed_lines": [44, 45], "summary": {"covered_lines": 2, "num_statements": 20, "percent_covered": 10.0, "percent_covered_display": "10", "missing_lines": 18, "excluded_lines": 0}, "missing_lines": [47, 48, 49, 51, 52, 57, 58, 61, 62, 63, 66, 67, 69, 70, 71, 72, 73, 74], "excluded_lines": []}, "get_settings": {"executed_lines": [80, 81, 82], "summary": {"covered_lines": 3, "num_statements": 3, "percent_covered": 100.0, "percent_covered_display": "100", "missing_lines": 0, "excluded_lines": 0}, "missing_lines": [], "excluded_lines": []}, "": {"executed_lines": [1, 4, 5, 6, 7, 8, 11, 12, 15, 16, 17, 20, 21, 22, 25, 26, 29, 30, 33, 34, 35, 37, 38, 39, 40, 42, 77, 78], "summary": {"covered_lines": 26, "num_statements": 26, "percent_covered": 100.0, "percent_covered_display": "100", "missing_lines": 0, "excluded_lines": 0}, "missing_lines": [], "excluded_lines": []}}, "classes": {"Settings": {"executed_lines": [44, 45], "summary": {"covered_lines": 2, "num_statements": 20, "percent_covered": 10.0, "percent_covered_display": "10", "missing_lines": 18, "excluded_lines": 0}, "missing_lines": [47, 48, 49, 51, 52, 57, 58, 61, 62, 63, 66, 67, 69, 70, 71, 72, 73, 74], "excluded_lines": []}, "Settings.Config": {"executed_lines": [], "summary": {"covered_lines": 0, "num_statements": 0, "percent_covered": 100.0, "percent_covered_display": "100", "missing_lines": 0, "excluded_lines": 0}, "missing_lines": [], "excluded_lines": []}, "": {"executed_lines": [1, 4, 5, 6, 7, 8, 11, 12, 15, 16, 17, 20, 21, 22, 25, 26, 29, 30, 33, 34, 35, 37, 38, 39, 40, 42, 77, 78, 80, 81, 82], "summary": {"covered_lines": 29, "num_statements": 29, "percent_covered": 100.0, "percent_covered_display": "100", "missing_lines": 0, "excluded_lines": 0}, "missing_lines": [], "excluded_lines": []}}}, "app/extensions.py": {"executed_lines": [1, 5, 6, 7, 11, 12, 15, 30, 37, 38, 39, 43, 46, 47], "summary": {"covered_lines": 13, "num_statements": 20, "percent_covered": 65.0, "percent_covered_display": "65", "missing_lines": 7, "excluded_lines": 0}, "missing_lines": [21, 22, 23, 27, 52, 53, 54], "excluded_lines": [], "functions": {"get_supabase_client": {"executed_lines": [], "summary": {"covered_lines": 0, "num_statements": 4, "percent_covered": 0.0, "percent_covered_display": "0", "missing_lines": 4, "excluded_lines": 0}, "missing_lines": [21, 22, 23, 27], "excluded_lines": []}, "get_supabase_admin": {"executed_lines": [37, 38, 39, 43], "summary": {"covered_lines": 4, "num_statements": 4, "percent_covered": 100.0, "percent_covered_display": "100", "missing_lines": 0, "excluded_lines": 0}, "missing_lines": [], "excluded_lines": []}, "get_embedding_model": {"executed_lines": [], "summary": {"covered_lines": 0, "num_statements": 3, "percent_covered": 0.0, "percent_covered_display": "0", "missing_lines": 3, "excluded_lines": 0}, "missing_lines": [52, 53, 54], "excluded_lines": []}, "": {"executed_lines": [1, 5, 6, 7, 11, 12, 15, 30, 46, 47], "summary": {"covered_lines": 9, "num_statements": 9, "percent_covered": 100.0, "percent_covered_display": "100", "missing_lines": 0, "excluded_lines": 0}, "missing_lines": [], "excluded_lines": []}}, "classes": {"": {"executed_lines": [1, 5, 6, 7, 11, 12, 15, 30, 37, 38, 39, 43, 46, 47], "summary": {"covered_lines": 13, "num_statements": 20, "percent_covered": 65.0, "percent_covered_display": "65", "missing_lines": 7, "excluded_lines": 0}, "missing_lines": [21, 22, 23, 27, 52, 53, 54], "excluded_lines": []}}}, "app/middleware/__init__.py": {"executed_lines": [1], "summary": {"covered_lines": 0, "num_statements": 0, "percent_covered": 100.0, "percent_covered_display": "100", "missing_lines": 0, "excluded_lines": 0}, "missing_lines": [], "excluded_lines": [], "functions": {"": {"executed_lines": [1], "summary": {"covered_lines": 0, "num_statements": 0, "percent_covered": 100.0, "percent_covered_display": "100", "missing_lines": 0, "excluded_lines": 0}, "missing_lines": [], "excluded_lines": []}}, "classes": {"": {"executed_lines": [1], "summary": {"covered_lines": 0, "num_statements": 0, "percent_covered": 100.0, "percent_covered_display": "100", "missing_lines": 0, "excluded_lines": 0}, "missing_lines": [], "excluded_lines": []}}}, "app/middleware/auth_middleware.py": {"executed_lines": [1, 5, 6, 7, 10, 40, 61, 66, 67, 68, 69, 70, 73, 74, 77, 78, 84, 85, 87, 89, 92, 103, 104, 105, 106, 112, 113, 118, 120, 122], "summary": {"covered_lines": 29, "num_statements": 54, "percent_covered": 53.7037037037037, "percent_covered_display": "54", "missing_lines": 25, "excluded_lines": 1}, "missing_lines": [15, 16, 17, 20, 21, 22, 24, 26, 27, 29, 30, 31, 32, 33, 45, 46, 47, 53, 54, 55, 56, 57, 58, 79, 107], "excluded_lines": [93], "functions": {"get_user_from_token": {"executed_lines": [], "summary": {"covered_lines": 0, "num_statements": 14, "percent_covered": 0.0, "percent_covered_display": "0", "missing_lines": 14, "excluded_lines": 0}, "missing_lines": [15, 16, 17, 20, 21, 22, 24, 26, 27, 29, 30, 31, 32, 33], "excluded_lines": []}, "get_user_org_and_role": {"executed_lines": [], "summary": {"covered_lines": 0, "num_statements": 9, "percent_covered": 0.0, "percent_covered_display": "0", "missing_lines": 9, "excluded_lines": 0}, "missing_lines": [45, 46, 47, 53, 54, 55, 56, 57, 58], "excluded_lines": []}, "require_auth": {"executed_lines": [66, 67, 89], "summary": {"covered_lines": 3, "num_statements": 3, "percent_covered": 100.0, "percent_covered_display": "100", "missing_lines": 0, "excluded_lines": 0}, "missing_lines": [], "excluded_lines": []}, "require_auth.decorated_function": {"executed_lines": [68, 69, 70, 73, 74, 77, 78, 84, 85, 87], "summary": {"covered_lines": 10, "num_statements": 11, "percent_covered": 90.9090909090909, "percent_covered_display": "91", "missing_lines": 1, "excluded_lines": 0}, "missing_lines": [79], "excluded_lines": []}, "require_role": {"executed_lines": [103, 104, 122], "summary": {"covered_lines": 3, "num_statements": 3, "percent_covered": 100.0, "percent_covered_display": "100", "missing_lines": 0, "excluded_lines": 1}, "missing_lines": [], "excluded_lines": [93]}, "require_role.decorator": {"executed_lines": [105, 120], "summary": {"covered_lines": 2, "num_statements": 2, "percent_covered": 100.0, "percent_covered_display": "100", "missing_lines": 0, "excluded_lines": 0}, "missing_lines": [], "excluded_lines": []}, "require_role.decorator.decorated_function": {"executed_lines": [106, 112, 113, 118], "summary": {"covered_lines": 4, "num_statements": 5, "percent_covered": 80.0, "percent_covered_display": "80", "missing_lines": 1, "excluded_lines": 0}, "missing_lines": [107], "excluded_lines": []}, "": {"executed_lines": [1, 5, 6, 7, 10, 40, 61, 92], "summary": {"covered_lines": 7, "num_statements": 7, "percent_covered": 100.0, "percent_covered_display": "100", "missing_lines": 0, "excluded_lines": 0}, "missing_lines": [], "excluded_lines": []}}, "classes": {"": {"executed_lines": [1, 5, 6, 7, 10, 40, 61, 66, 67, 68, 69, 70, 73, 74, 77, 78, 84, 85, 87, 89, 92, 103, 104, 105, 106, 112, 113, 118, 120, 122], "summary": {"covered_lines": 29, "num_statements": 54, "percent_covered": 53.7037037037037, "percent_covered_display": "54", "missing_lines": 25, "excluded_lines": 1}, "missing_lines": [15, 16, 17, 20, 21, 22, 24, 26, 27, 29, 30, 31, 32, 33, 45, 46, 47, 53, 54, 55, 56, 57, 58, 79, 107], "excluded_lines": [93]}}}, "app/middleware/error_handlers.py": {"executed_lines": [1, 4, 7, 10, 11, 17, 18, 24, 25, 31, 32, 38, 39], "summary": {"covered_lines": 12, "num_statements": 17, "percent_covered": 70.58823529411765, "percent_covered_display": "71", "missing_lines": 5, "excluded_lines": 0}, "missing_lines": [12, 19, 26, 33, 40], "excluded_lines": [], "functions": {"register_error_handlers": {"executed_lines": [10, 11, 17, 18, 24, 25, 31, 32, 38, 39], "summary": {"covered_lines": 10, "num_statements": 10, "percent_covered": 100.0, "percent_covered_display": "100", "missing_lines": 0, "excluded_lines": 0}, "missing_lines": [], "excluded_lines": []}, "register_error_handlers.bad_request": {"executed_lines": [], "summary": {"covered_lines": 0, "num_statements": 1, "percent_covered": 0.0, "percent_covered_display": "0", "missing_lines": 1, "excluded_lines": 0}, "missing_lines": [12], "excluded_lines": []}, "register_error_handlers.unauthorized": {"executed_lines": [], "summary": {"covered_lines": 0, "num_statements": 1, "percent_covered": 0.0, "percent_covered_display": "0", "missing_lines": 1, "excluded_lines": 0}, "missing_lines": [19], "excluded_lines": []}, "register_error_handlers.forbidden": {"executed_lines": [], "summary": {"covered_lines": 0, "num_statements": 1, "percent_covered": 0.0, "percent_covered_display": "0", "missing_lines": 1, "excluded_lines": 0}, "missing_lines": [26], "excluded_lines": []}, "register_error_handlers.not_found": {"executed_lines": [], "summary": {"covered_lines": 0, "num_statements": 1, "percent_covered": 0.0, "percent_covered_display": "0", "missing_lines": 1, "excluded_lines": 0}, "missing_lines": [33], "excluded_lines": []}, "register_error_handlers.internal_server_error": {"executed_lines": [], "summary": {"covered_lines": 0, "num_statements": 1, "percent_covered": 0.0, "percent_covered_display": "0", "missing_lines": 1, "excluded_lines": 0}, "missing_lines": [40], "excluded_lines": []}, "": {"executed_lines": [1, 4, 7], "summary": {"covered_lines": 2, "num_statements": 2, "percent_covered": 100.0, "percent_covered_display": "100", "missing_lines": 0, "excluded_lines": 0}, "missing_lines": [], "excluded_lines": []}}, "classes": {"": {"executed_lines": [1, 4, 7, 10, 11, 17, 18, 24, 25, 31, 32, 38, 39], "summary": {"covered_lines": 12, "num_statements": 17, "percent_covered": 70.58823529411765, "percent_covered_display": "71", "missing_lines": 5, "excluded_lines": 0}, "missing_lines": [12, 19, 26, 33, 40], "excluded_lines": []}}}, "app/models/__init__.py": {"executed_lines": [], "summary": {"covered_lines": 0, "num_statements": 0, "percent_covered": 100.0, "percent_covered_display": "100", "missing_lines": 0, "excluded_lines": 0}, "missing_lines": [], "excluded_lines": [], "functions": {"": {"executed_lines": [], "summary": {"covered_lines": 0, "num_statements": 0, "percent_covered": 100.0, "percent_covered_display": "100", "missing_lines": 0, "excluded_lines": 0}, "missing_lines": [], "excluded_lines": []}}, "classes": {"": {"executed_lines": [], "summary": {"covered_lines": 0, "num_statements": 0, "percent_covered": 100.0, "percent_covered_display": "100", "missing_lines": 0, "excluded_lines": 0}, "missing_lines": [], "excluded_lines": []}}}, "app/services/__init__.py": {"executed_lines": [1], "summary": {"covered_lines": 0, "num_statements": 0, "percent_covered": 100.0, "percent_covered_display": "100", "missing_lines": 0, "excluded_lines": 0}, "missing_lines": [], "excluded_lines": [], "functions": {"": {"executed_lines": [1], "summary": {"covered_lines": 0, "num_statements": 0, "percent_covered": 100.0, "percent_covered_display": "100", "missing_lines": 0, "excluded_lines": 0}, "missing_lines": [], "excluded_lines": []}}, "classes": {"": {"executed_lines": [1], "summary": {"covered_lines": 0, "num_statements": 0, "percent_covered": 100.0, "percent_covered_display": "100", "missing_lines": 0, "excluded_lines": 0}, "missing_lines": [], "excluded_lines": []}}}, "app/services/audit_service.py": {"executed_lines": [1, 5, 6, 9, 32, 34, 43, 45, 50, 53, 73, 75, 81, 82, 83, 84, 85, 86, 88, 89], "summary": {"covered_lines": 19, "num_statements": 21, "percent_covered": 90.47619047619048, "percent_covered_display": "90", "missing_lines": 2, "excluded_lines": 0}, "missing_lines": [47, 48], "excluded_lines": [], "functions": {"log_event": {"executed_lines": [32, 34, 43, 45, 50], "summary": {"covered_lines": 5, "num_statements": 7, "percent_covered": 71.42857142857143, "percent_covered_display": "71", "missing_lines": 2, "excluded_lines": 0}, "missing_lines": [47, 48], "excluded_lines": []}, "get_audit_log": {"executed_lines": [73, 75, 81, 82, 83, 84, 85, 86, 88, 89], "summary": {"covered_lines": 10, "num_statements": 10, "percent_covered": 100.0, "percent_covered_display": "100", "missing_lines": 0, "excluded_lines": 0}, "missing_lines": [], "excluded_lines": []}, "": {"executed_lines": [1, 5, 6, 9, 53], "summary": {"covered_lines": 4, "num_statements": 4, "percent_covered": 100.0, "percent_covered_display": "100", "missing_lines": 0, "excluded_lines": 0}, "missing_lines": [], "excluded_lines": []}}, "classes": {"": {"executed_lines": [1, 5, 6, 9, 32, 34, 43, 45, 50, 53, 73, 75, 81, 82, 83, 84, 85, 86, 88, 89], "summary": {"covered_lines": 19, "num_statements": 21, "percent_covered": 90.47619047619048, "percent_covered_display": "90", "missing_lines": 2, "excluded_lines": 0}, "missing_lines": [47, 48], "excluded_lines": []}}}, "app/services/catalog_service.py": {"executed_lines": [1, 4, 5, 6, 7, 8, 11, 101, 120, 123, 124, 134, 137, 150, 151, 157, 158, 160, 163, 175, 176, 182, 183, 185, 186, 189, 223, 224, 234, 236, 238, 240, 242, 244, 247, 249, 252, 256, 257, 258, 263, 272, 281, 284], "summary": {"covered_lines": 43, "num_statements": 93, "percent_covered": 46.236559139784944, "percent_covered_display": "46", "missing_lines": 50, "excluded_lines": 0}, "missing_lines": [30, 33, 39, 42, 43, 52, 54, 59, 64, 69, 70, 71, 74, 75, 76, 81, 85, 86, 87, 88, 89, 91, 235, 237, 239, 241, 243, 245, 250, 264, 266, 268, 269, 296, 299, 304, 305, 307, 310, 311, 312, 317, 322, 325, 327, 330, 333, 334, 335, 344], "excluded_lines": [], "functions": {"check_and_repair_embeddings": {"executed_lines": [], "summary": {"covered_lines": 0, "num_statements": 22, "percent_covered": 0.0, "percent_covered_display": "0", "missing_lines": 22, "excluded_lines": 0}, "missing_lines": [30, 33, 39, 42, 43, 52, 54, 59, 64, 69, 70, 71, 74, 75, 76, 81, 85, 86, 87, 88, 89, 91], "excluded_lines": []}, "search_items": {"executed_lines": [120, 123, 124, 134], "summary": {"covered_lines": 4, "num_statements": 4, "percent_covered": 100.0, "percent_covered_display": "100", "missing_lines": 0, "excluded_lines": 0}, "missing_lines": [], "excluded_lines": []}, "get_item": {"executed_lines": [150, 151, 157, 158, 160], "summary": {"covered_lines": 5, "num_statements": 5, "percent_covered": 100.0, "percent_covered_display": "100", "missing_lines": 0, "excluded_lines": 0}, "missing_lines": [], "excluded_lines": []}, "list_items": {"executed_lines": [175, 176, 182, 183, 185, 186], "summary": {"covered_lines": 6, "num_statements": 6, "percent_covered": 100.0, "percent_covered_display": "100", "missing_lines": 0, "excluded_lines": 0}, "missing_lines": [], "excluded_lines": []}, "create_item": {"executed_lines": [223, 224, 234, 236, 238, 240, 242, 244, 247, 249, 252, 256, 257, 258, 263, 272, 281], "summary": {"covered_lines": 17, "num_statements": 28, "percent_covered": 60.714285714285715, "percent_covered_display": "61", "missing_lines": 11, "excluded_lines": 0}, "missing_lines": [235, 237, 239, 241, 243, 245, 250, 264, 266, 268, 269], "excluded_lines": []}, "update_item": {"executed_lines": [], "summary": {"covered_lines": 0, "num_statements": 17, "percent_covered": 0.0, "percent_covered_display": "0", "missing_lines": 17, "excluded_lines": 0}, "missing_lines": [296, 299, 304, 305, 307, 310, 311, 312, 317, 322, 325, 327, 330, 333, 334, 335, 344], "excluded_lines": []}, "": {"executed_lines": [1, 4, 5, 6, 7, 8, 11, 101, 137, 163, 189, 284], "summary": {"covered_lines": 11, "num_statements": 11, "percent_covered": 100.0, "percent_covered_display": "100", "missing_lines": 0, "excluded_lines": 0}, "missing_lines": [], "excluded_lines": []}}, "classes": {"": {"executed_lines": [1, 4, 5, 6, 7, 8, 11, 101, 120, 123, 124, 134, 137, 150, 151, 157, 158, 160, 163, 175, 176, 182, 183, 185, 186, 189, 223, 224, 234, 236, 238, 240, 242, 244, 247, 249, 252, 256, 257, 258, 263, 272, 281, 284], "summary": {"covered_lines": 43, "num_statements": 93, "percent_covered": 46.236559139784944, "percent_covered_display": "46", "missing_lines": 50, "excluded_lines": 0}, "missing_lines": [30, 33, 39, 42, 43, 52, 54, 59, 64, 69, 70, 71, 74, 75, 76, 81, 85, 86, 87, 88, 89, 91, 235, 237, 239, 241, 243, 245, 250, 264, 266, 268, 269, 296, 299, 304, 305, 307, 310, 311, 312, 317, 322, 325, 327, 330, 333, 334, 335, 344], "excluded_lines": []}}}, "app/services/embedding_service.py": {"executed_lines": [1, 5, 6, 7, 10, 20, 21, 22, 25, 35, 36, 37, 40, 54, 55, 56, 57, 58, 60, 61], "summary": {"covered_lines": 19, "num_statements": 19, "percent_covered": 100.0, "percent_covered_display": "100", "missing_lines": 0, "excluded_lines": 0}, "missing_lines": [], "excluded_lines": [], "functions": {"encode_text": {"executed_lines": [20, 21, 22], "summary": {"covered_lines": 3, "num_statements": 3, "percent_covered": 100.0, "percent_covered_display": "100", "missing_lines": 0, "excluded_lines": 0}, "missing_lines": [], "excluded_lines": []}, "encode_batch": {"executed_lines": [35, 36, 37], "summary": {"covered_lines": 3, "num_statements": 3, "percent_covered": 100.0, "percent_covered_display": "100", "missing_lines": 0, "excluded_lines": 0}, "missing_lines": [], "excluded_lines": []}, "encode_catalog_item": {"executed_lines": [54, 55, 56, 57, 58, 60, 61], "summary": {"covered_lines": 7, "num_statements": 7, "percent_covered": 100.0, "percent_covered_display": "100", "missing_lines": 0, "excluded_lines": 0}, "missing_lines": [], "excluded_lines": []}, "": {"executed_lines": [1, 5, 6, 7, 10, 25, 40], "summary": {"covered_lines": 6, "num_statements": 6, "percent_covered": 100.0, "percent_covered_display": "100", "missing_lines": 0, "excluded_lines": 0}, "missing_lines": [], "excluded_lines": []}}, "classes": {"": {"executed_lines": [1, 5, 6, 7, 10, 20, 21, 22, 25, 35, 36, 37, 40, 54, 55, 56, 57, 58, 60, 61], "summary": {"covered_lines": 19, "num_statements": 19, "percent_covered": 100.0, "percent_covered_display": "100", "missing_lines": 0, "excluded_lines": 0}, "missing_lines": [], "excluded_lines": []}}}, "app/services/product_enrichment_service.py": {"executed_lines": [1, 5, 6, 7, 10, 17, 150], "summary": {"covered_lines": 6, "num_statements": 44, "percent_covered": 13.636363636363637, "percent_covered_display": "14", "missing_lines": 38, "excluded_lines": 0}, "missing_lines": [12, 13, 14, 52, 55, 56, 57, 58, 59, 61, 105, 106, 109, 122, 123, 126, 127, 128, 130, 133, 134, 135, 136, 139, 140, 142, 144, 145, 146, 147, 163, 164, 165, 166, 167, 168, 170, 184], "excluded_lines": [], "functions": {"_get_gemini_client": {"executed_lines": [], "summary": {"covered_lines": 0, "num_statements": 3, "percent_covered": 0.0, "percent_covered_display": "0", "missing_lines": 3, "excluded_lines": 0}, "missing_lines": [12, 13, 14], "excluded_lines": []}, "enrich_product": {"executed_lines": [], "summary": {"covered_lines": 0, "num_statements": 27, "percent_covered": 0.0, "percent_covered_display": "0", "missing_lines": 27, "excluded_lines": 0}, "missing_lines": [52, 55, 56, 57, 58, 59, 61, 105, 106, 109, 122, 123, 126, 127, 128, 130, 133, 134, 135, 136, 139, 140, 142, 144, 145, 146, 147], "excluded_lines": []}, "enrich_product_batch": {"executed_lines": [], "summary": {"covered_lines": 0, "num_statements": 8, "percent_covered": 0.0, "percent_covered_display": "0", "missing_lines": 8, "excluded_lines": 0}, "missing_lines": [163, 164, 165, 166, 167, 168, 170, 184], "excluded_lines": []}, "": {"executed_lines": [1, 5, 6, 7, 10, 17, 150], "summary": {"covered_lines": 6, "num_statements": 6, "percent_covered": 100.0, "percent_covered_display": "100", "missing_lines": 0, "excluded_lines": 0}, "missing_lines": [], "excluded_lines": []}}, "classes": {"": {"executed_lines": [1, 5, 6, 7, 10, 17, 150], "summary": {"covered_lines": 6, "num_statements": 44, "percent_covered": 13.636363636363637, "percent_covered_display": "14", "missing_lines": 38, "excluded_lines": 0}, "missing_lines": [12, 13, 14, 52, 55, 56, 57, 58, 59, 61, 105, 106, 109, 122, 123, 126, 127, 128, 130, 133, 134, 135, 136, 139, 140, 142, 144, 145, 146, 147, 163, 164, 165, 166, 167, 168, 170, 184], "excluded_lines": []}}}, "app/services/proposal_service.py": {"executed_lines": [1, 5, 6, 7, 8, 11, 49, 52, 53, 61, 62, 63, 64, 65, 66, 67, 69, 71, 73, 75, 77, 79, 80, 81, 84, 86, 89, 92, 101, 104, 117, 118, 124, 127, 130, 136, 137, 143, 144, 146, 147, 150, 184, 185, 188, 192, 193, 204, 205, 212, 221, 230, 233, 239, 240, 243, 246, 247, 258, 267, 274, 276, 291, 318, 320, 321], "summary": {"covered_lines": 65, "num_statements": 86, "percent_covered": 75.5813953488372, "percent_covered_display": "76", "missing_lines": 21, "excluded_lines": 0}, "missing_lines": [50, 68, 70, 72, 74, 76, 78, 82, 87, 125, 186, 189, 206, 207, 208, 209, 241, 244, 294, 297, 312], "excluded_lines": [], "functions": {"create_proposal": {"executed_lines": [49, 52, 53, 61, 62, 63, 64, 65, 66, 67, 69, 71, 73, 75, 77, 79, 80, 81, 84, 86, 89, 92, 101], "summary": {"covered_lines": 23, "num_statements": 32, "percent_covered": 71.875, "percent_covered_display": "72", "missing_lines": 9, "excluded_lines": 0}, "missing_lines": [50, 68, 70, 72, 74, 76, 78, 82, 87], "excluded_lines": []}, "get_proposal": {"executed_lines": [117, 118, 124, 127], "summary": {"covered_lines": 4, "num_statements": 5, "percent_covered": 80.0, "percent_covered_display": "80", "missing_lines": 1, "excluded_lines": 0}, "missing_lines": [125], "excluded_lines": []}, "list_proposals": {"executed_lines": [136, 137, 143, 144, 146, 147], "summary": {"covered_lines": 6, "num_statements": 6, "percent_covered": 100.0, "percent_covered_display": "100", "missing_lines": 0, "excluded_lines": 0}, "missing_lines": [], "excluded_lines": []}, "approve_proposal": {"executed_lines": [184, 185, 188, 192, 193, 204, 205, 212, 221, 230], "summary": {"covered_lines": 10, "num_statements": 16, "percent_covered": 62.5, "percent_covered_display": "62", "missing_lines": 6, "excluded_lines": 0}, "missing_lines": [186, 189, 206, 207, 208, 209], "excluded_lines": []}, "reject_proposal": {"executed_lines": [239, 240, 243, 246, 247, 258, 267], "summary": {"covered_lines": 7, "num_statements": 9, "percent_covered": 77.77777777777777, "percent_covered_display": "78", "missing_lines": 2, "excluded_lines": 0}, "missing_lines": [241, 244], "excluded_lines": []}, "_merge_add_item": {"executed_lines": [276], "summary": {"covered_lines": 1, "num_statements": 1, "percent_covered": 100.0, "percent_covered_display": "100", "missing_lines": 0, "excluded_lines": 0}, "missing_lines": [], "excluded_lines": []}, "_merge_replace_item": {"executed_lines": [], "summary": {"covered_lines": 0, "num_statements": 3, "percent_covered": 0.0, "percent_covered_display": "0", "missing_lines": 3, "excluded_lines": 0}, "missing_lines": [294, 297, 312], "excluded_lines": []}, "_merge_deprecate_item": {"executed_lines": [320, 321], "summary": {"covered_lines": 2, "num_statements": 2, "percent_covered": 100.0, "percent_covered_display": "100", "missing_lines": 0, "excluded_lines": 0}, "missing_lines": [], "excluded_lines": []}, "": {"executed_lines": [1, 5, 6, 7, 8, 11, 104, 130, 150, 233, 274, 291, 318], "summary": {"covered_lines": 12, "num_statements": 12, "percent_covered": 100.0, "percent_covered_display": "100", "missing_lines": 0, "excluded_lines": 0}, "missing_lines": [], "excluded_lines": []}}, "classes": {"": {"executed_lines": [1, 5, 6, 7, 8, 11, 49, 52, 53, 61, 62, 63, 64, 65, 66, 67, 69, 71, 73, 75, 77, 79, 80, 81, 84, 86, 89, 92, 101, 104, 117, 118, 124, 127, 130, 136, 137, 143, 144, 146, 147, 150, 184, 185, 188, 192, 193, 204, 205, 212, 221, 230, 233, 239, 240, 243, 246, 247, 258, 267, 274, 276, 291, 318, 320, 321], "summary": {"covered_lines": 65, "num_statements": 86, "percent_covered": 75.5813953488372, "percent_covered_display": "76", "missing_lines": 21, "excluded_lines": 0}, "missing_lines": [50, 68, 70, 72, 74, 76, 78, 82, 87, 125, 186, 189, 206, 207, 208, 209, 241, 244, 294, 297, 312], "excluded_lines": []}}}, "app/services/request_service.py": {"executed_lines": [1, 5, 6, 7, 10, 23, 26, 27, 28, 32, 36, 44, 46, 48, 51, 53, 56, 80, 82, 83, 92, 95, 98, 107, 110, 123, 124, 130, 133, 136, 154, 155, 161, 162, 163, 166, 167, 170, 220, 224, 225, 229, 232, 233, 243, 246, 249, 259, 280], "summary": {"covered_lines": 48, "num_statements": 64, "percent_covered": 75.0, "percent_covered_display": "75", "missing_lines": 16, "excluded_lines": 0}, "missing_lines": [24, 29, 33, 45, 47, 49, 93, 131, 164, 221, 226, 230, 244, 260, 262, 278], "excluded_lines": [], "functions": {"_validate_search_results": {"executed_lines": [23, 26, 27, 28, 32, 36, 44, 46, 48, 51, 53], "summary": {"covered_lines": 11, "num_statements": 17, "percent_covered": 64.70588235294117, "percent_covered_display": "65", "missing_lines": 6, "excluded_lines": 0}, "missing_lines": [24, 29, 33, 45, 47, 49], "excluded_lines": []}, "create_request": {"executed_lines": [80, 82, 83, 92, 95, 98, 107], "summary": {"covered_lines": 7, "num_statements": 8, "percent_covered": 87.5, "percent_covered_display": "88", "missing_lines": 1, "excluded_lines": 0}, "missing_lines": [93], "excluded_lines": []}, "get_request": {"executed_lines": [123, 124, 130, 133], "summary": {"covered_lines": 4, "num_statements": 5, "percent_covered": 80.0, "percent_covered_display": "80", "missing_lines": 1, "excluded_lines": 0}, "missing_lines": [131], "excluded_lines": []}, "list_requests": {"executed_lines": [154, 155, 161, 162, 163, 166, 167], "summary": {"covered_lines": 7, "num_statements": 8, "percent_covered": 87.5, "percent_covered_display": "88", "missing_lines": 1, "excluded_lines": 0}, "missing_lines": [164], "excluded_lines": []}, "review_request": {"executed_lines": [220, 224, 225, 229, 232, 233, 243, 246, 249, 259, 280], "summary": {"covered_lines": 11, "num_statements": 18, "percent_covered": 61.111111111111114, "percent_covered_display": "61", "missing_lines": 7, "excluded_lines": 0}, "missing_lines": [221, 226, 230, 244, 260, 262, 278], "excluded_lines": []}, "": {"executed_lines": [1, 5, 6, 7, 10, 56, 110, 136, 170], "summary": {"covered_lines": 8, "num_statements": 8, "percent_covered": 100.0, "percent_covered_display": "100", "missing_lines": 0, "excluded_lines": 0}, "missing_lines": [], "excluded_lines": []}}, "classes": {"": {"executed_lines": [1, 5, 6, 7, 10, 23, 26, 27, 28, 32, 36, 44, 46, 48, 51, 53, 56, 80, 82, 83, 92, 95, 98, 107, 110, 123, 124, 130, 133, 136, 154, 155, 161, 162, 163, 166, 167, 170, 220, 224, 225, 229, 232, 233, 243, 246, 249, 259, 280], "summary": {"covered_lines": 48, "num_statements": 64, "percent_covered": 75.0, "percent_covered_display": "75", "missing_lines": 16, "excluded_lines": 0}, "missing_lines": [24, 29, 33, 45, 47, 49, 93, 131, 164, 221, 226, 230, 244, 260, 262, 278], "excluded_lines": []}}}, "catalogai_sdk/__init__.py": {"executed_lines": [1, 2, 4, 5], "summary": {"covered_lines": 3, "num_statements": 3, "percent_covered": 100.0, "percent_covered_display": "100", "missing_lines": 0, "excluded_lines": 0}, "missing_lines": [], "excluded_lines": [], "functions": {"": {"executed_lines": [1, 2, 4, 5], "summary": {"covered_lines": 3, "num_statements": 3, "percent_covered": 100.0, "percent_covered_display": "100", "missing_lines": 0, "excluded_lines": 0}, "missing_lines": [], "excluded_lines": []}}, "classes": {"": {"executed_lines": [1, 2, 4, 5], "summary": {"covered_lines": 3, "num_statements": 3, "percent_covered": 100.0, "percent_covered_display": "100", "missing_lines": 0, "excluded_lines": 0}, "missing_lines": [], "excluded_lines": []}}}, "catalogai_sdk/catalog.py": {"executed_lines": [1, 6, 7, 9, 10, 12, 24, 29, 30, 32, 42, 43, 44, 46, 57, 58, 59, 61, 62, 63, 65, 87, 105, 112, 113], "summary": {"covered_lines": 23, "num_statements": 26, "percent_covered": 88.46153846153847, "percent_covered_display": "88", "missing_lines": 3, "excluded_lines": 0}, "missing_lines": [78, 84, 85], "excluded_lines": [], "functions": {"CatalogClient.__init__": {"executed_lines": [10], "summary": {"covered_lines": 1, "num_statements": 1, "percent_covered": 100.0, "percent_covered_display": "100", "missing_lines": 0, "excluded_lines": 0}, "missing_lines": [], "excluded_lines": []}, "CatalogClient.search": {"executed_lines": [24, 29, 30], "summary": {"covered_lines": 3, "num_statements": 3, "percent_covered": 100.0, "percent_covered_display": "100", "missing_lines": 0, "excluded_lines": 0}, "missing_lines": [], "excluded_lines": []}, "CatalogClient.get": {"executed_lines": [42, 43, 44], "summary": {"covered_lines": 3, "num_statements": 3, "percent_covered": 100.0, "percent_covered_display": "100", "missing_lines": 0, "excluded_lines": 0}, "missing_lines": [], "excluded_lines": []}, "CatalogClient.list": {"executed_lines": [57, 58, 59, 61, 62, 63], "summary": {"covered_lines": 6, "num_statements": 6, "percent_covered": 100.0, "percent_covered_display": "100", "missing_lines": 0, "excluded_lines": 0}, "missing_lines": [], "excluded_lines": []}, "CatalogClient.create": {"executed_lines": [], "summary": {"covered_lines": 0, "num_statements": 3, "percent_covered": 0.0, "percent_covered_display": "0", "missing_lines": 3, "excluded_lines": 0}, "missing_lines": [78, 84, 85], "excluded_lines": []}, "CatalogClient.request_new_item": {"executed_lines": [105, 112, 113], "summary": {"covered_lines": 3, "num_statements": 3, "percent_covered": 100.0, "percent_covered_display": "100", "missing_lines": 0, "excluded_lines": 0}, "missing_lines": [], "excluded_lines": []}, "": {"executed_lines": [1, 6, 7, 9, 12, 32, 46, 65, 87], "summary": {"covered_lines": 7, "num_statements": 7, "percent_covered": 100.0, "percent_covered_display": "100", "missing_lines": 0, "excluded_lines": 0}, "missing_lines": [], "excluded_lines": []}}, "classes": {"CatalogClient": {"executed_lines": [10, 24, 29, 30, 42, 43, 44, 57, 58, 59, 61, 62, 63, 105, 112, 113], "summary": {"covered_lines": 16, "num_statements": 19, "percent_covered": 84.21052631578948, "percent_covered_display": "84", "missing_lines": 3, "excluded_lines": 0}, "missing_lines": [78, 84, 85], "excluded_lines": []}, "": {"executed_lines": [1, 6, 7, 9, 12, 32, 46, 65, 87], "summary": {"covered_lines": 7, "num_statements": 7, "percent_covered": 100.0, "percent_covered_display": "100", "missing_lines": 0, "excluded_lines": 0}, "missing_lines": [], "excluded_lines": []}}}, "catalogai_sdk/client.py": {"executed_lines": [1, 4, 7, 8, 10, 18, 24, 25, 27, 28, 30, 31, 33, 34, 36, 37, 39, 40, 42, 44, 46, 47, 49, 50], "summary": {"covered_lines": 22, "num_statements": 22, "percent_covered": 100.0, "percent_covered_display": "100", "missing_lines": 0, "excluded_lines": 0}, "missing_lines": [], "excluded_lines": [], "functions": {"CatalogAIClient.__init__": {"executed_lines": [18], "summary": {"covered_lines": 1, "num_statements": 1, "percent_covered": 100.0, "percent_covered_display": "100", "missing_lines": 0, "excluded_lines": 0}, "missing_lines": [], "excluded_lines": []}, "CatalogAIClient.catalog": {"executed_lines": [27, 28], "summary": {"covered_lines": 2, "num_statements": 2, "percent_covered": 100.0, "percent_covered_display": "100", "missing_lines": 0, "excluded_lines": 0}, "missing_lines": [], "excluded_lines": []}, "CatalogAIClient.requests": {"executed_lines": [33, 34], "summary": {"covered_lines": 2, "num_statements": 2, "percent_covered": 100.0, "percent_covered_display": "100", "missing_lines": 0, "excluded_lines": 0}, "missing_lines": [], "excluded_lines": []}, "CatalogAIClient.proposals": {"executed_lines": [39, 40], "summary": {"covered_lines": 2, "num_statements": 2, "percent_covered": 100.0, "percent_covered_display": "100", "missing_lines": 0, "excluded_lines": 0}, "missing_lines": [], "excluded_lines": []}, "CatalogAIClient.close": {"executed_lines": [44], "summary": {"covered_lines": 1, "num_statements": 1, "percent_covered": 100.0, "percent_covered_display": "100", "missing_lines": 0, "excluded_lines": 0}, "missing_lines": [], "excluded_lines": []}, "CatalogAIClient.__enter__": {"executed_lines": [47], "summary": {"covered_lines": 1, "num_statements": 1, "percent_covered": 100.0, "percent_covered_display": "100", "missing_lines": 0, "excluded_lines": 0}, "missing_lines": [], "excluded_lines": []}, "CatalogAIClient.__exit__": {"executed_lines": [50], "summary": {"covered_lines": 1, "num_statements": 1, "percent_covered": 100.0, "percent_covered_display": "100", "missing_lines": 0, "excluded_lines": 0}, "missing_lines": [], "excluded_lines": []}, "": {"executed_lines": [1, 4, 7, 8, 10, 24, 25, 30, 31, 36, 37, 42, 46, 49], "summary": {"covered_lines": 12, "num_statements": 12, "percent_covered": 100.0, "percent_covered_display": "100", "missing_lines": 0, "excluded_lines": 0}, "missing_lines": [], "excluded_lines": []}}, "classes": {"CatalogAIClient": {"executed_lines": [18, 27, 28, 33, 34, 39, 40, 44, 47, 50], "summary": {"covered_lines": 10, "num_statements": 10, "percent_covered": 100.0, "percent_covered_display": "100", "missing_lines": 0, "excluded_lines": 0}, "missing_lines": [], "excluded_lines": []}, "": {"executed_lines": [1, 4, 7, 8, 10, 24, 25, 30, 31, 36, 37, 42, 46, 49], "summary": {"covered_lines": 12, "num_statements": 12, "percent_covered": 100.0, "percent_covered_display": "100", "missing_lines": 0, "excluded_lines": 0}, "missing_lines": [], "excluded_lines": []}}}, "catalogai_sdk/proposals.py": {"executed_lines": [1, 6, 7, 9, 10, 12, 37, 38, 39, 40, 41, 42, 43, 44, 45, 46, 47, 48, 51, 52, 53, 55, 57, 58, 59, 61, 72, 73, 74, 76, 77, 78, 80, 91, 95, 96, 98, 109, 113, 114], "summary": {"covered_lines": 38, "num_statements": 39, "percent_covered": 97.43589743589743, "percent_covered_display": "97", "missing_lines": 1, "excluded_lines": 0}, "missing_lines": [49], "excluded_lines": [], "functions": {"ProposalClient.__init__": {"executed_lines": [10], "summary": {"covered_lines": 1, "num_statements": 1, "percent_covered": 100.0, "percent_covered_display": "100", "missing_lines": 0, "excluded_lines": 0}, "missing_lines": [], "excluded_lines": []}, "ProposalClient.create": {"executed_lines": [37, 38, 39, 40, 41, 42, 43, 44, 45, 46, 47, 48, 51, 52, 53], "summary": {"covered_lines": 15, "num_statements": 16, "percent_covered": 93.75, "percent_covered_display": "94", "missing_lines": 1, "excluded_lines": 0}, "missing_lines": [49], "excluded_lines": []}, "ProposalClient.get": {"executed_lines": [57, 58, 59], "summary": {"covered_lines": 3, "num_statements": 3, "percent_covered": 100.0, "percent_covered_display": "100", "missing_lines": 0, "excluded_lines": 0}, "missing_lines": [], "excluded_lines": []}, "ProposalClient.list": {"executed_lines": [72, 73, 74, 76, 77, 78], "summary": {"covered_lines": 6, "num_statements": 6, "percent_covered": 100.0, "percent_covered_display": "100", "missing_lines": 0, "excluded_lines": 0}, "missing_lines": [], "excluded_lines": []}, "ProposalClient.approve": {"executed_lines": [91, 95, 96], "summary": {"covered_lines": 3, "num_statements": 3, "percent_covered": 100.0, "percent_covered_display": "100", "missing_lines": 0, "excluded_lines": 0}, "missing_lines": [], "excluded_lines": []}, "ProposalClient.reject": {"executed_lines": [109, 113, 114], "summary": {"covered_lines": 3, "num_statements": 3, "percent_covered": 100.0, "percent_covered_display": "100", "missing_lines": 0, "excluded_lines": 0}, "missing_lines": [], "excluded_lines": []}, "": {"executed_lines": [1, 6, 7, 9, 12, 55, 61, 80, 98], "summary": {"covered_lines": 7, "num_statements": 7, "percent_covered": 100.0, "percent_covered_display": "100", "missing_lines": 0, "excluded_lines": 0}, "missing_lines": [], "excluded_lines": []}}, "classes": {"ProposalClient": {"executed_lines": [10, 37, 38, 39, 40, 41, 42, 43, 44, 45, 46, 47, 48, 51, 52, 53, 57, 58, 59, 72, 73, 74, 76, 77, 78, 91, 95, 96, 109, 113, 114], "summary": {"covered_lines": 31, "num_statements": 32, "percent_covered": 96.875, "percent_covered_display": "97", "missing_lines": 1, "excluded_lines": 0}, "missing_lines": [49], "excluded_lines": []}, "": {"executed_lines": [1, 6, 7, 9, 12, 55, 61, 80, 98], "summary": {"covered_lines": 7, "num_statements": 7, "percent_covered": 100.0, "percent_covered_display": "100", "missing_lines": 0, "excluded_lines": 0}, "missing_lines": [], "excluded_lines": []}}}, "catalogai_sdk/requests.py": {"executed_lines": [1, 6, 7, 9, 10, 12, 24, 29, 30, 32, 34, 35, 36, 38, 50, 51, 52, 53, 56, 57, 58, 60, 72, 76, 77], "summary": {"covered_lines": 23, "num_statements": 24, "percent_covered": 95.83333333333333, "percent_covered_display": "96", "missing_lines": 1, "excluded_lines": 0}, "missing_lines": [54], "excluded_lines": [], "functions": {"RequestClient.__init__": {"executed_lines": [10], "summary": {"covered_lines": 1, "num_statements": 1, "percent_covered": 100.0, "percent_covered_display": "100", "missing_lines": 0, "excluded_lines": 0}, "missing_lines": [], "excluded_lines": []}, "RequestClient.create": {"executed_lines": [24, 29, 30], "summary": {"covered_lines": 3, "num_statements": 3, "percent_covered": 100.0, "percent_covered_display": "100", "missing_lines": 0, "excluded_lines": 0}, "missing_lines": [], "excluded_lines": []}, "RequestClient.get": {"executed_lines": [34, 35, 36], "summary": {"covered_lines": 3, "num_statements": 3, "percent_covered": 100.0, "percent_covered_display": "100", "missing_lines": 0, "excluded_lines": 0}, "missing_lines": [], "excluded_lines": []}, "RequestClient.list": {"executed_lines": [50, 51, 52, 53, 56, 57, 58], "summary": {"covered_lines": 7, "num_statements": 8, "percent_covered": 87.5, "percent_covered_display": "88", "missing_lines": 1, "excluded_lines": 0}, "missing_lines": [54], "excluded_lines": []}, "RequestClient.review": {"executed_lines": [72, 76, 77], "summary": {"covered_lines": 3, "num_statements": 3, "percent_covered": 100.0, "percent_covered_display": "100", "missing_lines": 0, "excluded_lines": 0}, "missing_lines": [], "excluded_lines": []}, "": {"executed_lines": [1, 6, 7, 9, 12, 32, 38, 60], "summary": {"covered_lines": 6, "num_statements": 6, "percent_covered": 100.0, "percent_covered_display": "100", "missing_lines": 0, "excluded_lines": 0}, "missing_lines": [], "excluded_lines": []}}, "classes": {"RequestClient": {"executed_lines": [10, 24, 29, 30, 34, 35, 36, 50, 51, 52, 53, 56, 57, 58, 72, 76, 77], "summary": {"covered_lines": 17, "num_statements": 18, "percent_covered": 94.44444444444444, "percent_covered_display": "94", "missing_lines": 1, "excluded_lines": 0}, "missing_lines": [54], "excluded_lines": []}, "": {"executed_lines": [1, 6, 7, 9, 12, 32, 38, 60], "summary": {"covered_lines": 6, "num_statements": 6, "percent_covered": 100.0, "percent_covered_display": "100", "missing_lines": 0, "excluded_lines": 0}, "missing_lines": [], "excluded_lines": []}}}}, "totals": {"covered_lines": 590, "num_statements": 865, "percent_covered": 68.20809248554913, "percent_covered_display": "68", "missing_lines": 275, "excluded_lines": 1}}